ago. 13, 2025 6:30:34 PM liquibase.changelog
INFORMA합ES: Reading resource: db/changelog/migrations/db.changelog-202408191938.sql
ago. 13, 2025 6:30:34 PM liquibase.changelog
INFORMA합ES: Reading resource: db/changelog/migrations/db.changelog-202408210954.sql
ago. 13, 2025 6:30:34 PM liquibase.changelog
INFORMA합ES: Reading resource: db/changelog/migrations/db.changelog-202408211004.sql
ago. 13, 2025 6:30:34 PM liquibase.changelog
INFORMA합ES: Reading resource: db/changelog/migrations/db.changelog-202408211005.sql
ago. 13, 2025 6:30:34 PM liquibase.changelog
INFORMA합ES: Reading resource: db/changelog/migrations/db.changelog-202408281807.sql
ago. 13, 2025 6:30:35 PM liquibase.changelog
INFORMA합ES: Reading from board.DATABASECHANGELOG
Database is up to date, no changesets to execute
ago. 13, 2025 6:30:35 PM liquibase.changelog
INFORMA합ES: Reading from board.DATABASECHANGELOG

UPDATE SUMMARY
Run:                          0
Previously run:               5
Filtered out:                 0
-------------------------------
Total change sets:            5

ago. 13, 2025 6:30:35 PM liquibase.util
INFORMA합ES: UPDATE SUMMARY
ago. 13, 2025 6:30:35 PM liquibase.util
INFORMA합ES: Run:                          0
ago. 13, 2025 6:30:35 PM liquibase.util
INFORMA합ES: Previously run:               5
ago. 13, 2025 6:30:35 PM liquibase.util
INFORMA합ES: Filtered out:                 0
ago. 13, 2025 6:30:35 PM liquibase.util
INFORMA합ES: -------------------------------
ago. 13, 2025 6:30:35 PM liquibase.util
INFORMA합ES: Total change sets:            5
ago. 13, 2025 6:30:35 PM liquibase.util
INFORMA합ES: Update summary generated
ago. 13, 2025 6:30:35 PM liquibase.lockservice
INFORMA합ES: Successfully released change log lock
ago. 13, 2025 6:30:35 PM liquibase.command
INFORMA합ES: Command execution complete
